<?xml version="1.0" encoding="UTF-8"?>
<!-- Generated by org.testng.reporters.JUnitReportReporter -->
<testsuite skipped="0" hostname="Lenovo-PC" name="com.crm.qa.testcases.HomePageTest" tests="3" failures="0" timestamp="17 Nov 2019 09:37:45 GMT" time="71.342" errors="0">
  <testcase name="verifyHomePageTitle" time="19.833" classname="com.crm.qa.testcases.HomePageTest"/>
  <testcase name="verifyUserName" time="20.198" classname="com.crm.qa.testcases.HomePageTest"/>
  <testcase name="clickOnContactsLink" time="31.311" classname="com.crm.qa.testcases.HomePageTest"/>
</testsuite> <!-- com.crm.qa.testcases.HomePageTest -->
